  openGL_tutorial.cpp
LINK : warning LNK4098: defaultlib 'MSVCRT' conflicts with use of other libs; use /NODEFAULTLIB:library
openGL_tutorial.obj : error LNK2019: unresolved external symbol __imp___glewBindBuffer referenced in function main
openGL_tutorial.obj : error LNK2019: unresolved external symbol __imp___glewBufferData referenced in function main
openGL_tutorial.obj : error LNK2019: unresolved external symbol __imp___glewGenBuffers referenced in function main
openGL_tutorial.obj : error LNK2019: unresolved external symbol __imp___glewAttachShader referenced in function main
openGL_tutorial.obj : error LNK2019: unresolved external symbol __imp___glewCompileShader referenced in function main
openGL_tutorial.obj : error LNK2019: unresolved external symbol __imp___glewCreateProgram referenced in function main
openGL_tutorial.obj : error LNK2019: unresolved external symbol __imp___glewCreateShader referenced in function main
openGL_tutorial.obj : error LNK2019: unresolved external symbol __imp___glewDeleteShader referenced in function main
openGL_tutorial.obj : error LNK2019: unresolved external symbol __imp___glewEnableVertexAttribArray referenced in function main
openGL_tutorial.obj : error LNK2019: unresolved external symbol __imp___glewGetProgramInfoLog referenced in function main
openGL_tutorial.obj : error LNK2019: unresolved external symbol __imp___glewGetProgramiv referenced in function main
openGL_tutorial.obj : error LNK2019: unresolved external symbol __imp___glewGetShaderInfoLog referenced in function main
openGL_tutorial.obj : error LNK2019: unresolved external symbol __imp___glewGetShaderiv referenced in function main
openGL_tutorial.obj : error LNK2019: unresolved external symbol __imp___glewLinkProgram referenced in function main
openGL_tutorial.obj : error LNK2019: unresolved external symbol __imp___glewShaderSource referenced in function main
openGL_tutorial.obj : error LNK2019: unresolved external symbol __imp___glewUseProgram referenced in function main
openGL_tutorial.obj : error LNK2019: unresolved external symbol __imp___glewVertexAttribPointer referenced in function main
openGL_tutorial.obj : error LNK2019: unresolved external symbol __imp___glewBindVertexArray referenced in function main
openGL_tutorial.obj : error LNK2019: unresolved external symbol __imp___glewGenVertexArrays referenced in function main
D:\CGD\OpenGL_tutorial\x64\Debug\openGL_tutorial.exe : fatal error LNK1120: 19 unresolved externals
